[2023-03-06 08:15:38] local.ERROR: file_put_contents(/Users/acapxasyraf/Desktop/development_tutorial/Laravel_10/storage/oauth-public.key): Failed to open stream: No such file or directory {"exception":"[object] (ErrorException(code: 0): file_put_contents(/Users/acapxasyraf/Desktop/development_tutorial/Laravel_10/storage/oauth-public.key): Failed to open stream: No such file or directory at /Users/acapxasyraf/Desktop/development_tutorial/Laravel_10/vendor/laravel/passport/src/Console/KeysCommand.php:54)
[stacktrace]
#0 /Users/acapxasyraf/Desktop/development_tutorial/Laravel_10/vendor/laravel/framework/src/Illuminate/Foundation/Bootstrap/HandleExceptions.php(250): Illuminate\\Foundation\\Bootstrap\\HandleExceptions->handleError(2, 'file_put_conten...', '/Users/acapxasy...', 54)
#1 [internal function]: Illuminate\\Foundation\\Bootstrap\\HandleExceptions->Illuminate\\Foundation\\Bootstrap\\{closure}(2, 'file_put_conten...', '/Users/acapxasy...', 54)
#2 /Users/acapxasyraf/Desktop/development_tutorial/Laravel_10/vendor/laravel/passport/src/Console/KeysCommand.php(54): file_put_contents('/Users/acapxasy...', '-----BEGIN PUBL...')
#3 /Users/acapxasyraf/Desktop/development_tutorial/Laravel_10/vendor/laravel/framework/src/Illuminate/Container/BoundMethod.php(36): Laravel\\Passport\\Console\\KeysCommand->handle()
#4 /Users/acapxasyraf/Desktop/development_tutorial/Laravel_10/vendor/laravel/framework/src/Illuminate/Container/Util.php(41): Illuminate\\Container\\BoundMethod::Illuminate\\Container\\{closure}()
#5 /Users/acapxasyraf/Desktop/development_tutorial/Laravel_10/vendor/laravel/framework/src/Illuminate/Container/BoundMethod.php(93): Illuminate\\Container\\Util::unwrapIfClosure(Object(Closure))
#6 /Users/acapxasyraf/Desktop/development_tutorial/Laravel_10/vendor/laravel/framework/src/Illuminate/Container/BoundMethod.php(35): Illuminate\\Container\\BoundMethod::callBoundMethod(Object(Illuminate\\Foundation\\Application), Array, Object(Closure))
#7 /Users/acapxasyraf/Desktop/development_tutorial/Laravel_10/vendor/laravel/framework/src/Illuminate/Container/Container.php(661): Illuminate\\Container\\BoundMethod::call(Object(Illuminate\\Foundation\\Application), Array, Array, NULL)
#8 /Users/acapxasyraf/Desktop/development_tutorial/Laravel_10/vendor/laravel/framework/src/Illuminate/Console/Command.php(194): Illuminate\\Container\\Container->call(Array)
#9 /Users/acapxasyraf/Desktop/development_tutorial/Laravel_10/vendor/symfony/console/Command/Command.php(312): Illuminate\\Console\\Command->execute(Object(Symfony\\Component\\Console\\Input\\ArrayInput), Object(Illuminate\\Console\\OutputStyle))
#10 /Users/acapxasyraf/Desktop/development_tutorial/Laravel_10/vendor/laravel/framework/src/Illuminate/Console/Command.php(163): Symfony\\Component\\Console\\Command\\Command->run(Object(Symfony\\Component\\Console\\Input\\ArrayInput), Object(Illuminate\\Console\\OutputStyle))
#11 /Users/acapxasyraf/Desktop/development_tutorial/Laravel_10/vendor/laravel/framework/src/Illuminate/Console/Concerns/CallsCommands.php(67): Illuminate\\Console\\Command->run(Object(Symfony\\Component\\Console\\Input\\ArrayInput), Object(Illuminate\\Console\\OutputStyle))
#12 /Users/acapxasyraf/Desktop/development_tutorial/Laravel_10/vendor/laravel/framework/src/Illuminate/Console/Concerns/CallsCommands.php(28): Illuminate\\Console\\Command->runCommand('passport:keys', Array, Object(Illuminate\\Console\\OutputStyle))
#13 /Users/acapxasyraf/Desktop/development_tutorial/Laravel_10/vendor/laravel/passport/src/Console/InstallCommand.php(36): Illuminate\\Console\\Command->call('passport:keys', Array)
#14 /Users/acapxasyraf/Desktop/development_tutorial/Laravel_10/vendor/laravel/framework/src/Illuminate/Container/BoundMethod.php(36): Laravel\\Passport\\Console\\InstallCommand->handle()
#15 /Users/acapxasyraf/Desktop/development_tutorial/Laravel_10/vendor/laravel/framework/src/Illuminate/Container/Util.php(41): Illuminate\\Container\\BoundMethod::Illuminate\\Container\\{closure}()
#16 /Users/acapxasyraf/Desktop/development_tutorial/Laravel_10/vendor/laravel/framework/src/Illuminate/Container/BoundMethod.php(93): Illuminate\\Container\\Util::unwrapIfClosure(Object(Closure))
#17 /Users/acapxasyraf/Desktop/development_tutorial/Laravel_10/vendor/laravel/framework/src/Illuminate/Container/BoundMethod.php(35): Illuminate\\Container\\BoundMethod::callBoundMethod(Object(Illuminate\\Foundation\\Application), Array, Object(Closure))
#18 /Users/acapxasyraf/Desktop/development_tutorial/Laravel_10/vendor/laravel/framework/src/Illuminate/Container/Container.php(661): Illuminate\\Container\\BoundMethod::call(Object(Illuminate\\Foundation\\Application), Array, Array, NULL)
#19 /Users/acapxasyraf/Desktop/development_tutorial/Laravel_10/vendor/laravel/framework/src/Illuminate/Console/Command.php(194): Illuminate\\Container\\Container->call(Array)
#20 /Users/acapxasyraf/Desktop/development_tutorial/Laravel_10/vendor/symfony/console/Command/Command.php(312): Illuminate\\Console\\Command->execute(Object(Symfony\\Component\\Console\\Input\\ArgvInput), Object(Illuminate\\Console\\OutputStyle))
#21 /Users/acapxasyraf/Desktop/development_tutorial/Laravel_10/vendor/laravel/framework/src/Illuminate/Console/Command.php(163): Symfony\\Component\\Console\\Command\\Command->run(Object(Symfony\\Component\\Console\\Input\\ArgvInput), Object(Illuminate\\Console\\OutputStyle))
#22 /Users/acapxasyraf/Desktop/development_tutorial/Laravel_10/vendor/symfony/console/Application.php(1022): Illuminate\\Console\\Command->run(Object(Symfony\\Component\\Console\\Input\\ArgvInput), Object(Symfony\\Component\\Console\\Output\\ConsoleOutput))
#23 /Users/acapxasyraf/Desktop/development_tutorial/Laravel_10/vendor/symfony/console/Application.php(314): Symfony\\Component\\Console\\Application->doRunCommand(Object(Laravel\\Passport\\Console\\InstallCommand), Object(Symfony\\Component\\Console\\Input\\ArgvInput), Object(Symfony\\Component\\Console\\Output\\ConsoleOutput))
#24 /Users/acapxasyraf/Desktop/development_tutorial/Laravel_10/vendor/symfony/console/Application.php(168): Symfony\\Component\\Console\\Application->doRun(Object(Symfony\\Component\\Console\\Input\\ArgvInput), Object(Symfony\\Component\\Console\\Output\\ConsoleOutput))
#25 /Users/acapxasyraf/Desktop/development_tutorial/Laravel_10/vendor/laravel/framework/src/Illuminate/Console/Application.php(102): Symfony\\Component\\Console\\Application->run(Object(Symfony\\Component\\Console\\Input\\ArgvInput), Object(Symfony\\Component\\Console\\Output\\ConsoleOutput))
#26 /Users/acapxasyraf/Desktop/development_tutorial/Laravel_10/vendor/laravel/framework/src/Illuminate/Foundation/Console/Kernel.php(155): Illuminate\\Console\\Application->run(Object(Symfony\\Component\\Console\\Input\\ArgvInput), Object(Symfony\\Component\\Console\\Output\\ConsoleOutput))
#27 /Users/acapxasyraf/Desktop/development_tutorial/Laravel_10/artisan(35): Illuminate\\Foundation\\Console\\Kernel->handle(Object(Symfony\\Component\\Console\\Input\\ArgvInput), Object(Symfony\\Component\\Console\\Output\\ConsoleOutput))
#28 {main}
"} 
[2023-03-06 08:23:34] local.ERROR: Call to undefined method Laravel\Passport\Passport::routes() {"exception":"[object] (Error(code: 0): Call to undefined method Laravel\\Passport\\Passport::routes() at /Users/acapxasyraf/Desktop/development_tutorial/Laravel_10/app/Providers/AuthServiceProvider.php:21)
[stacktrace]
#0 /Users/acapxasyraf/Desktop/development_tutorial/Laravel_10/vendor/laravel/framework/src/Illuminate/Container/BoundMethod.php(36): App\\Providers\\AuthServiceProvider->boot()
#1 /Users/acapxasyraf/Desktop/development_tutorial/Laravel_10/vendor/laravel/framework/src/Illuminate/Container/Util.php(41): Illuminate\\Container\\BoundMethod::Illuminate\\Container\\{closure}()
#2 /Users/acapxasyraf/Desktop/development_tutorial/Laravel_10/vendor/laravel/framework/src/Illuminate/Container/BoundMethod.php(93): Illuminate\\Container\\Util::unwrapIfClosure(Object(Closure))
#3 /Users/acapxasyraf/Desktop/development_tutorial/Laravel_10/vendor/laravel/framework/src/Illuminate/Container/BoundMethod.php(35): Illuminate\\Container\\BoundMethod::callBoundMethod(Object(Illuminate\\Foundation\\Application), Array, Object(Closure))
#4 /Users/acapxasyraf/Desktop/development_tutorial/Laravel_10/vendor/laravel/framework/src/Illuminate/Container/Container.php(661): Illuminate\\Container\\BoundMethod::call(Object(Illuminate\\Foundation\\Application), Array, Array, NULL)
#5 /Users/acapxasyraf/Desktop/development_tutorial/Laravel_10/vendor/laravel/framework/src/Illuminate/Foundation/Application.php(1008): Illuminate\\Container\\Container->call(Array)
#6 /Users/acapxasyraf/Desktop/development_tutorial/Laravel_10/vendor/laravel/framework/src/Illuminate/Foundation/Application.php(989): Illuminate\\Foundation\\Application->bootProvider(Object(App\\Providers\\AuthServiceProvider))
#7 [internal function]: Illuminate\\Foundation\\Application->Illuminate\\Foundation\\{closure}(Object(App\\Providers\\AuthServiceProvider), 22)
#8 /Users/acapxasyraf/Desktop/development_tutorial/Laravel_10/vendor/laravel/framework/src/Illuminate/Foundation/Application.php(988): array_walk(Array, Object(Closure))
#9 /Users/acapxasyraf/Desktop/development_tutorial/Laravel_10/vendor/laravel/framework/src/Illuminate/Foundation/Bootstrap/BootProviders.php(17): Illuminate\\Foundation\\Application->boot()
#10 /Users/acapxasyraf/Desktop/development_tutorial/Laravel_10/vendor/laravel/framework/src/Illuminate/Foundation/Application.php(263): Illuminate\\Foundation\\Bootstrap\\BootProviders->bootstrap(Object(Illuminate\\Foundation\\Application))
#11 /Users/acapxasyraf/Desktop/development_tutorial/Laravel_10/vendor/laravel/framework/src/Illuminate/Foundation/Console/Kernel.php(383): Illuminate\\Foundation\\Application->bootstrapWith(Array)
#12 /Users/acapxasyraf/Desktop/development_tutorial/Laravel_10/vendor/laravel/framework/src/Illuminate/Foundation/Console/Kernel.php(153): Illuminate\\Foundation\\Console\\Kernel->bootstrap()
#13 /Users/acapxasyraf/Desktop/development_tutorial/Laravel_10/artisan(35): Illuminate\\Foundation\\Console\\Kernel->handle(Object(Symfony\\Component\\Console\\Input\\ArgvInput), Object(Symfony\\Component\\Console\\Output\\ConsoleOutput))
#14 {main}
"} 
[2023-03-06 08:24:01] local.ERROR: Class "Laravel\Passport" not found {"exception":"[object] (Error(code: 0): Class \"Laravel\\Passport\" not found at /Users/acapxasyraf/Desktop/development_tutorial/Laravel_10/app/Providers/AuthServiceProvider.php:21)
[stacktrace]
#0 /Users/acapxasyraf/Desktop/development_tutorial/Laravel_10/vendor/laravel/framework/src/Illuminate/Container/BoundMethod.php(36): App\\Providers\\AuthServiceProvider->boot()
#1 /Users/acapxasyraf/Desktop/development_tutorial/Laravel_10/vendor/laravel/framework/src/Illuminate/Container/Util.php(41): Illuminate\\Container\\BoundMethod::Illuminate\\Container\\{closure}()
#2 /Users/acapxasyraf/Desktop/development_tutorial/Laravel_10/vendor/laravel/framework/src/Illuminate/Container/BoundMethod.php(93): Illuminate\\Container\\Util::unwrapIfClosure(Object(Closure))
#3 /Users/acapxasyraf/Desktop/development_tutorial/Laravel_10/vendor/laravel/framework/src/Illuminate/Container/BoundMethod.php(35): Illuminate\\Container\\BoundMethod::callBoundMethod(Object(Illuminate\\Foundation\\Application), Array, Object(Closure))
#4 /Users/acapxasyraf/Desktop/development_tutorial/Laravel_10/vendor/laravel/framework/src/Illuminate/Container/Container.php(661): Illuminate\\Container\\BoundMethod::call(Object(Illuminate\\Foundation\\Application), Array, Array, NULL)
#5 /Users/acapxasyraf/Desktop/development_tutorial/Laravel_10/vendor/laravel/framework/src/Illuminate/Foundation/Application.php(1008): Illuminate\\Container\\Container->call(Array)
#6 /Users/acapxasyraf/Desktop/development_tutorial/Laravel_10/vendor/laravel/framework/src/Illuminate/Foundation/Application.php(989): Illuminate\\Foundation\\Application->bootProvider(Object(App\\Providers\\AuthServiceProvider))
#7 [internal function]: Illuminate\\Foundation\\Application->Illuminate\\Foundation\\{closure}(Object(App\\Providers\\AuthServiceProvider), 22)
#8 /Users/acapxasyraf/Desktop/development_tutorial/Laravel_10/vendor/laravel/framework/src/Illuminate/Foundation/Application.php(988): array_walk(Array, Object(Closure))
#9 /Users/acapxasyraf/Desktop/development_tutorial/Laravel_10/vendor/laravel/framework/src/Illuminate/Foundation/Bootstrap/BootProviders.php(17): Illuminate\\Foundation\\Application->boot()
#10 /Users/acapxasyraf/Desktop/development_tutorial/Laravel_10/vendor/laravel/framework/src/Illuminate/Foundation/Application.php(263): Illuminate\\Foundation\\Bootstrap\\BootProviders->bootstrap(Object(Illuminate\\Foundation\\Application))
#11 /Users/acapxasyraf/Desktop/development_tutorial/Laravel_10/vendor/laravel/framework/src/Illuminate/Foundation/Console/Kernel.php(383): Illuminate\\Foundation\\Application->bootstrapWith(Array)
#12 /Users/acapxasyraf/Desktop/development_tutorial/Laravel_10/vendor/laravel/framework/src/Illuminate/Foundation/Console/Kernel.php(153): Illuminate\\Foundation\\Console\\Kernel->bootstrap()
#13 /Users/acapxasyraf/Desktop/development_tutorial/Laravel_10/artisan(35): Illuminate\\Foundation\\Console\\Kernel->handle(Object(Symfony\\Component\\Console\\Input\\ArgvInput), Object(Symfony\\Component\\Console\\Output\\ConsoleOutput))
#14 {main}
"} 
[2023-03-06 08:26:41] local.ERROR: Call to undefined method Laravel\Passport\Passport::routes() {"exception":"[object] (Error(code: 0): Call to undefined method Laravel\\Passport\\Passport::routes() at /Users/acapxasyraf/Desktop/development_tutorial/Laravel_10/app/Providers/AuthServiceProvider.php:21)
[stacktrace]
#0 /Users/acapxasyraf/Desktop/development_tutorial/Laravel_10/vendor/laravel/framework/src/Illuminate/Container/BoundMethod.php(36): App\\Providers\\AuthServiceProvider->boot()
#1 /Users/acapxasyraf/Desktop/development_tutorial/Laravel_10/vendor/laravel/framework/src/Illuminate/Container/Util.php(41): Illuminate\\Container\\BoundMethod::Illuminate\\Container\\{closure}()
#2 /Users/acapxasyraf/Desktop/development_tutorial/Laravel_10/vendor/laravel/framework/src/Illuminate/Container/BoundMethod.php(93): Illuminate\\Container\\Util::unwrapIfClosure(Object(Closure))
#3 /Users/acapxasyraf/Desktop/development_tutorial/Laravel_10/vendor/laravel/framework/src/Illuminate/Container/BoundMethod.php(35): Illuminate\\Container\\BoundMethod::callBoundMethod(Object(Illuminate\\Foundation\\Application), Array, Object(Closure))
#4 /Users/acapxasyraf/Desktop/development_tutorial/Laravel_10/vendor/laravel/framework/src/Illuminate/Container/Container.php(661): Illuminate\\Container\\BoundMethod::call(Object(Illuminate\\Foundation\\Application), Array, Array, NULL)
#5 /Users/acapxasyraf/Desktop/development_tutorial/Laravel_10/vendor/laravel/framework/src/Illuminate/Foundation/Application.php(1008): Illuminate\\Container\\Container->call(Array)
#6 /Users/acapxasyraf/Desktop/development_tutorial/Laravel_10/vendor/laravel/framework/src/Illuminate/Foundation/Application.php(989): Illuminate\\Foundation\\Application->bootProvider(Object(App\\Providers\\AuthServiceProvider))
#7 [internal function]: Illuminate\\Foundation\\Application->Illuminate\\Foundation\\{closure}(Object(App\\Providers\\AuthServiceProvider), 22)
#8 /Users/acapxasyraf/Desktop/development_tutorial/Laravel_10/vendor/laravel/framework/src/Illuminate/Foundation/Application.php(988): array_walk(Array, Object(Closure))
#9 /Users/acapxasyraf/Desktop/development_tutorial/Laravel_10/vendor/laravel/framework/src/Illuminate/Foundation/Bootstrap/BootProviders.php(17): Illuminate\\Foundation\\Application->boot()
#10 /Users/acapxasyraf/Desktop/development_tutorial/Laravel_10/vendor/laravel/framework/src/Illuminate/Foundation/Application.php(263): Illuminate\\Foundation\\Bootstrap\\BootProviders->bootstrap(Object(Illuminate\\Foundation\\Application))
#11 /Users/acapxasyraf/Desktop/development_tutorial/Laravel_10/vendor/laravel/framework/src/Illuminate/Foundation/Console/Kernel.php(383): Illuminate\\Foundation\\Application->bootstrapWith(Array)
#12 /Users/acapxasyraf/Desktop/development_tutorial/Laravel_10/vendor/laravel/framework/src/Illuminate/Foundation/Console/Kernel.php(153): Illuminate\\Foundation\\Console\\Kernel->bootstrap()
#13 /Users/acapxasyraf/Desktop/development_tutorial/Laravel_10/artisan(35): Illuminate\\Foundation\\Console\\Kernel->handle(Object(Symfony\\Component\\Console\\Input\\ArgvInput), Object(Symfony\\Component\\Console\\Output\\ConsoleOutput))
#14 {main}
"} 
[2023-03-06 08:27:01] local.ERROR: Class "Laravel\Passport" not found {"exception":"[object] (Error(code: 0): Class \"Laravel\\Passport\" not found at /Users/acapxasyraf/Desktop/development_tutorial/Laravel_10/app/Providers/AuthServiceProvider.php:21)
[stacktrace]
#0 /Users/acapxasyraf/Desktop/development_tutorial/Laravel_10/vendor/laravel/framework/src/Illuminate/Container/BoundMethod.php(36): App\\Providers\\AuthServiceProvider->boot()
#1 /Users/acapxasyraf/Desktop/development_tutorial/Laravel_10/vendor/laravel/framework/src/Illuminate/Container/Util.php(41): Illuminate\\Container\\BoundMethod::Illuminate\\Container\\{closure}()
#2 /Users/acapxasyraf/Desktop/development_tutorial/Laravel_10/vendor/laravel/framework/src/Illuminate/Container/BoundMethod.php(93): Illuminate\\Container\\Util::unwrapIfClosure(Object(Closure))
#3 /Users/acapxasyraf/Desktop/development_tutorial/Laravel_10/vendor/laravel/framework/src/Illuminate/Container/BoundMethod.php(35): Illuminate\\Container\\BoundMethod::callBoundMethod(Object(Illuminate\\Foundation\\Application), Array, Object(Closure))
#4 /Users/acapxasyraf/Desktop/development_tutorial/Laravel_10/vendor/laravel/framework/src/Illuminate/Container/Container.php(661): Illuminate\\Container\\BoundMethod::call(Object(Illuminate\\Foundation\\Application), Array, Array, NULL)
#5 /Users/acapxasyraf/Desktop/development_tutorial/Laravel_10/vendor/laravel/framework/src/Illuminate/Foundation/Application.php(1008): Illuminate\\Container\\Container->call(Array)
#6 /Users/acapxasyraf/Desktop/development_tutorial/Laravel_10/vendor/laravel/framework/src/Illuminate/Foundation/Application.php(989): Illuminate\\Foundation\\Application->bootProvider(Object(App\\Providers\\AuthServiceProvider))
#7 [internal function]: Illuminate\\Foundation\\Application->Illuminate\\Foundation\\{closure}(Object(App\\Providers\\AuthServiceProvider), 22)
#8 /Users/acapxasyraf/Desktop/development_tutorial/Laravel_10/vendor/laravel/framework/src/Illuminate/Foundation/Application.php(988): array_walk(Array, Object(Closure))
#9 /Users/acapxasyraf/Desktop/development_tutorial/Laravel_10/vendor/laravel/framework/src/Illuminate/Foundation/Bootstrap/BootProviders.php(17): Illuminate\\Foundation\\Application->boot()
#10 /Users/acapxasyraf/Desktop/development_tutorial/Laravel_10/vendor/laravel/framework/src/Illuminate/Foundation/Application.php(263): Illuminate\\Foundation\\Bootstrap\\BootProviders->bootstrap(Object(Illuminate\\Foundation\\Application))
#11 /Users/acapxasyraf/Desktop/development_tutorial/Laravel_10/vendor/laravel/framework/src/Illuminate/Foundation/Console/Kernel.php(383): Illuminate\\Foundation\\Application->bootstrapWith(Array)
#12 /Users/acapxasyraf/Desktop/development_tutorial/Laravel_10/vendor/laravel/framework/src/Illuminate/Foundation/Console/Kernel.php(153): Illuminate\\Foundation\\Console\\Kernel->bootstrap()
#13 /Users/acapxasyraf/Desktop/development_tutorial/Laravel_10/artisan(35): Illuminate\\Foundation\\Console\\Kernel->handle(Object(Symfony\\Component\\Console\\Input\\ArgvInput), Object(Symfony\\Component\\Console\\Output\\ConsoleOutput))
#14 {main}
"} 
[2023-03-06 08:30:37] local.ERROR: Command "dusk" is not defined. {"exception":"[object] (Symfony\\Component\\Console\\Exception\\CommandNotFoundException(code: 0): Command \"dusk\" is not defined. at /Users/acapxasyraf/Desktop/development_tutorial/Laravel_10/vendor/symfony/console/Application.php:702)
[stacktrace]
#0 /Users/acapxasyraf/Desktop/development_tutorial/Laravel_10/vendor/symfony/console/Application.php(256): Symfony\\Component\\Console\\Application->find('dusk')
#1 /Users/acapxasyraf/Desktop/development_tutorial/Laravel_10/vendor/symfony/console/Application.php(168): Symfony\\Component\\Console\\Application->doRun(Object(Symfony\\Component\\Console\\Input\\ArgvInput), Object(Symfony\\Component\\Console\\Output\\ConsoleOutput))
#2 /Users/acapxasyraf/Desktop/development_tutorial/Laravel_10/vendor/laravel/framework/src/Illuminate/Console/Application.php(102): Symfony\\Component\\Console\\Application->run(Object(Symfony\\Component\\Console\\Input\\ArgvInput), Object(Symfony\\Component\\Console\\Output\\ConsoleOutput))
#3 /Users/acapxasyraf/Desktop/development_tutorial/Laravel_10/vendor/laravel/framework/src/Illuminate/Foundation/Console/Kernel.php(155): Illuminate\\Console\\Application->run(Object(Symfony\\Component\\Console\\Input\\ArgvInput), Object(Symfony\\Component\\Console\\Output\\ConsoleOutput))
#4 /Users/acapxasyraf/Desktop/development_tutorial/Laravel_10/artisan(35): Illuminate\\Foundation\\Console\\Kernel->handle(Object(Symfony\\Component\\Console\\Input\\ArgvInput), Object(Symfony\\Component\\Console\\Output\\ConsoleOutput))
#5 {main}
"} 
[2023-03-06 08:31:03] local.ERROR: Command "dusk" is not defined. {"exception":"[object] (Symfony\\Component\\Console\\Exception\\CommandNotFoundException(code: 0): Command \"dusk\" is not defined. at /Users/acapxasyraf/Desktop/development_tutorial/Laravel_10/vendor/symfony/console/Application.php:702)
[stacktrace]
#0 /Users/acapxasyraf/Desktop/development_tutorial/Laravel_10/vendor/symfony/console/Application.php(256): Symfony\\Component\\Console\\Application->find('dusk')
#1 /Users/acapxasyraf/Desktop/development_tutorial/Laravel_10/vendor/symfony/console/Application.php(168): Symfony\\Component\\Console\\Application->doRun(Object(Symfony\\Component\\Console\\Input\\ArgvInput), Object(Symfony\\Component\\Console\\Output\\ConsoleOutput))
#2 /Users/acapxasyraf/Desktop/development_tutorial/Laravel_10/vendor/laravel/framework/src/Illuminate/Console/Application.php(102): Symfony\\Component\\Console\\Application->run(Object(Symfony\\Component\\Console\\Input\\ArgvInput), Object(Symfony\\Component\\Console\\Output\\ConsoleOutput))
#3 /Users/acapxasyraf/Desktop/development_tutorial/Laravel_10/vendor/laravel/framework/src/Illuminate/Foundation/Console/Kernel.php(155): Illuminate\\Console\\Application->run(Object(Symfony\\Component\\Console\\Input\\ArgvInput), Object(Symfony\\Component\\Console\\Output\\ConsoleOutput))
#4 /Users/acapxasyraf/Desktop/development_tutorial/Laravel_10/artisan(35): Illuminate\\Foundation\\Console\\Kernel->handle(Object(Symfony\\Component\\Console\\Input\\ArgvInput), Object(Symfony\\Component\\Console\\Output\\ConsoleOutput))
#5 {main}
"} 
